0 info it worked if it ends with ok
1 verbose cli [ '/usr/bin/nodejs', '/usr/bin/npm', 'install' ]
2 info using npm@1.3.10
3 info using node@v0.10.25
4 verbose readDependencies using package.json deps
5 verbose install where, deps [ '/home/mgagne/workspace/blog_phoenix',
5 verbose install   [ 'phoenix',
5 verbose install     'phoenix_html',
5 verbose install     'babel-brunch',
5 verbose install     'brunch',
5 verbose install     'clean-css-brunch',
5 verbose install     'css-brunch',
5 verbose install     'javascript-brunch',
5 verbose install     'uglify-js-brunch' ] ]
6 info preinstall @
7 verbose readDependencies using package.json deps
8 verbose cache add [ 'babel-brunch@~6.0.0', null ]
9 verbose cache add name=undefined spec="babel-brunch@~6.0.0" args=["babel-brunch@~6.0.0",null]
10 verbose parsed url { protocol: null,
10 verbose parsed url   slashes: null,
10 verbose parsed url   auth: null,
10 verbose parsed url   host: null,
10 verbose parsed url   port: null,
10 verbose parsed url   hostname: null,
10 verbose parsed url   hash: null,
10 verbose parsed url   search: null,
10 verbose parsed url   query: null,
10 verbose parsed url   pathname: 'babel-brunch@~6.0.0',
10 verbose parsed url   path: 'babel-brunch@~6.0.0',
10 verbose parsed url   href: 'babel-brunch@~6.0.0' }
11 verbose cache add name="babel-brunch" spec="~6.0.0" args=["babel-brunch","~6.0.0"]
12 verbose parsed url { protocol: null,
12 verbose parsed url   slashes: null,
12 verbose parsed url   auth: null,
12 verbose parsed url   host: null,
12 verbose parsed url   port: null,
12 verbose parsed url   hostname: null,
12 verbose parsed url   hash: null,
12 verbose parsed url   search: null,
12 verbose parsed url   query: null,
12 verbose parsed url   pathname: '~6.0.0',
12 verbose parsed url   path: '~6.0.0',
12 verbose parsed url   href: '~6.0.0' }
13 verbose addNamed [ 'babel-brunch', '~6.0.0' ]
14 verbose addNamed [ null, '>=6.0.0-0 <6.1.0-0' ]
15 silly lockFile 6b74a846-babel-brunch-6-0-0 babel-brunch@~6.0.0
16 verbose lock babel-brunch@~6.0.0 /home/mgagne/.npm/6b74a846-babel-brunch-6-0-0.lock
17 verbose cache add [ 'brunch@2.7.4', null ]
18 verbose cache add name=undefined spec="brunch@2.7.4" args=["brunch@2.7.4",null]
19 verbose parsed url { protocol: null,
19 verbose parsed url   slashes: null,
19 verbose parsed url   auth: null,
19 verbose parsed url   host: null,
19 verbose parsed url   port: null,
19 verbose parsed url   hostname: null,
19 verbose parsed url   hash: null,
19 verbose parsed url   search: null,
19 verbose parsed url   query: null,
19 verbose parsed url   pathname: 'brunch@2.7.4',
19 verbose parsed url   path: 'brunch@2.7.4',
19 verbose parsed url   href: 'brunch@2.7.4' }
20 verbose cache add name="brunch" spec="2.7.4" args=["brunch","2.7.4"]
21 verbose parsed url { protocol: null,
21 verbose parsed url   slashes: null,
21 verbose parsed url   auth: null,
21 verbose parsed url   host: null,
21 verbose parsed url   port: null,
21 verbose parsed url   hostname: null,
21 verbose parsed url   hash: null,
21 verbose parsed url   search: null,
21 verbose parsed url   query: null,
21 verbose parsed url   pathname: '2.7.4',
21 verbose parsed url   path: '2.7.4',
21 verbose parsed url   href: '2.7.4' }
22 verbose addNamed [ 'brunch', '2.7.4' ]
23 verbose addNamed [ '2.7.4', '2.7.4' ]
24 silly lockFile 34741395-brunch-2-7-4 brunch@2.7.4
25 verbose lock brunch@2.7.4 /home/mgagne/.npm/34741395-brunch-2-7-4.lock
26 verbose cache add [ 'clean-css-brunch@~2.0.0', null ]
27 verbose cache add name=undefined spec="clean-css-brunch@~2.0.0" args=["clean-css-brunch@~2.0.0",null]
28 verbose parsed url { protocol: null,
28 verbose parsed url   slashes: null,
28 verbose parsed url   auth: null,
28 verbose parsed url   host: null,
28 verbose parsed url   port: null,
28 verbose parsed url   hostname: null,
28 verbose parsed url   hash: null,
28 verbose parsed url   search: null,
28 verbose parsed url   query: null,
28 verbose parsed url   pathname: 'clean-css-brunch@~2.0.0',
28 verbose parsed url   path: 'clean-css-brunch@~2.0.0',
28 verbose parsed url   href: 'clean-css-brunch@~2.0.0' }
29 verbose cache add name="clean-css-brunch" spec="~2.0.0" args=["clean-css-brunch","~2.0.0"]
30 verbose parsed url { protocol: null,
30 verbose parsed url   slashes: null,
30 verbose parsed url   auth: null,
30 verbose parsed url   host: null,
30 verbose parsed url   port: null,
30 verbose parsed url   hostname: null,
30 verbose parsed url   hash: null,
30 verbose parsed url   search: null,
30 verbose parsed url   query: null,
30 verbose parsed url   pathname: '~2.0.0',
30 verbose parsed url   path: '~2.0.0',
30 verbose parsed url   href: '~2.0.0' }
31 verbose addNamed [ 'clean-css-brunch', '~2.0.0' ]
32 verbose addNamed [ null, '>=2.0.0-0 <2.1.0-0' ]
33 silly lockFile 2cc3d744-clean-css-brunch-2-0-0 clean-css-brunch@~2.0.0
34 verbose lock clean-css-brunch@~2.0.0 /home/mgagne/.npm/2cc3d744-clean-css-brunch-2-0-0.lock
35 silly addNameRange { name: 'babel-brunch',
35 silly addNameRange   range: '>=6.0.0-0 <6.1.0-0',
35 silly addNameRange   hasData: false }
36 verbose cache add [ 'javascript-brunch@~2.0.0', null ]
37 verbose cache add name=undefined spec="javascript-brunch@~2.0.0" args=["javascript-brunch@~2.0.0",null]
38 verbose parsed url { protocol: null,
38 verbose parsed url   slashes: null,
38 verbose parsed url   auth: null,
38 verbose parsed url   host: null,
38 verbose parsed url   port: null,
38 verbose parsed url   hostname: null,
38 verbose parsed url   hash: null,
38 verbose parsed url   search: null,
38 verbose parsed url   query: null,
38 verbose parsed url   pathname: 'javascript-brunch@~2.0.0',
38 verbose parsed url   path: 'javascript-brunch@~2.0.0',
38 verbose parsed url   href: 'javascript-brunch@~2.0.0' }
39 verbose cache add name="javascript-brunch" spec="~2.0.0" args=["javascript-brunch","~2.0.0"]
40 verbose parsed url { protocol: null,
40 verbose parsed url   slashes: null,
40 verbose parsed url   auth: null,
40 verbose parsed url   host: null,
40 verbose parsed url   port: null,
40 verbose parsed url   hostname: null,
40 verbose parsed url   hash: null,
40 verbose parsed url   search: null,
40 verbose parsed url   query: null,
40 verbose parsed url   pathname: '~2.0.0',
40 verbose parsed url   path: '~2.0.0',
40 verbose parsed url   href: '~2.0.0' }
41 verbose addNamed [ 'javascript-brunch', '~2.0.0' ]
42 verbose addNamed [ null, '>=2.0.0-0 <2.1.0-0' ]
43 silly lockFile ba3f7e2f-javascript-brunch-2-0-0 javascript-brunch@~2.0.0
44 verbose lock javascript-brunch@~2.0.0 /home/mgagne/.npm/ba3f7e2f-javascript-brunch-2-0-0.lock
45 verbose cache add [ 'css-brunch@~2.0.0', null ]
46 verbose cache add name=undefined spec="css-brunch@~2.0.0" args=["css-brunch@~2.0.0",null]
47 verbose parsed url { protocol: null,
47 verbose parsed url   slashes: null,
47 verbose parsed url   auth: null,
47 verbose parsed url   host: null,
47 verbose parsed url   port: null,
47 verbose parsed url   hostname: null,
47 verbose parsed url   hash: null,
47 verbose parsed url   search: null,
47 verbose parsed url   query: null,
47 verbose parsed url   pathname: 'css-brunch@~2.0.0',
47 verbose parsed url   path: 'css-brunch@~2.0.0',
47 verbose parsed url   href: 'css-brunch@~2.0.0' }
48 verbose cache add name="css-brunch" spec="~2.0.0" args=["css-brunch","~2.0.0"]
49 verbose parsed url { protocol: null,
49 verbose parsed url   slashes: null,
49 verbose parsed url   auth: null,
49 verbose parsed url   host: null,
49 verbose parsed url   port: null,
49 verbose parsed url   hostname: null,
49 verbose parsed url   hash: null,
49 verbose parsed url   search: null,
49 verbose parsed url   query: null,
49 verbose parsed url   pathname: '~2.0.0',
49 verbose parsed url   path: '~2.0.0',
49 verbose parsed url   href: '~2.0.0' }
50 verbose addNamed [ 'css-brunch', '~2.0.0' ]
51 verbose addNamed [ null, '>=2.0.0-0 <2.1.0-0' ]
52 silly lockFile 1da32090-css-brunch-2-0-0 css-brunch@~2.0.0
53 verbose lock css-brunch@~2.0.0 /home/mgagne/.npm/1da32090-css-brunch-2-0-0.lock
54 verbose cache add [ 'uglify-js-brunch@~2.0.1', null ]
55 verbose cache add name=undefined spec="uglify-js-brunch@~2.0.1" args=["uglify-js-brunch@~2.0.1",null]
56 verbose parsed url { protocol: null,
56 verbose parsed url   slashes: null,
56 verbose parsed url   auth: null,
56 verbose parsed url   host: null,
56 verbose parsed url   port: null,
56 verbose parsed url   hostname: null,
56 verbose parsed url   hash: null,
56 verbose parsed url   search: null,
56 verbose parsed url   query: null,
56 verbose parsed url   pathname: 'uglify-js-brunch@~2.0.1',
56 verbose parsed url   path: 'uglify-js-brunch@~2.0.1',
56 verbose parsed url   href: 'uglify-js-brunch@~2.0.1' }
57 verbose cache add name="uglify-js-brunch" spec="~2.0.1" args=["uglify-js-brunch","~2.0.1"]
58 verbose parsed url { protocol: null,
58 verbose parsed url   slashes: null,
58 verbose parsed url   auth: null,
58 verbose parsed url   host: null,
58 verbose parsed url   port: null,
58 verbose parsed url   hostname: null,
58 verbose parsed url   hash: null,
58 verbose parsed url   search: null,
58 verbose parsed url   query: null,
58 verbose parsed url   pathname: '~2.0.1',
58 verbose parsed url   path: '~2.0.1',
58 verbose parsed url   href: '~2.0.1' }
59 verbose addNamed [ 'uglify-js-brunch', '~2.0.1' ]
60 verbose addNamed [ null, '>=2.0.1-0 <2.1.0-0' ]
61 silly lockFile d368487a-uglify-js-brunch-2-0-1 uglify-js-brunch@~2.0.1
62 verbose lock uglify-js-brunch@~2.0.1 /home/mgagne/.npm/d368487a-uglify-js-brunch-2-0-1.lock
63 silly addNameRange { name: 'clean-css-brunch',
63 silly addNameRange   range: '>=2.0.0-0 <2.1.0-0',
63 silly addNameRange   hasData: false }
64 verbose cache add [ 'phoenix@file:deps/phoenix', null ]
65 verbose cache add name=undefined spec="phoenix@file:deps/phoenix" args=["phoenix@file:deps/phoenix",null]
66 verbose parsed url { protocol: null,
66 verbose parsed url   slashes: null,
66 verbose parsed url   auth: null,
66 verbose parsed url   host: null,
66 verbose parsed url   port: null,
66 verbose parsed url   hostname: null,
66 verbose parsed url   hash: null,
66 verbose parsed url   search: null,
66 verbose parsed url   query: null,
66 verbose parsed url   pathname: 'phoenix@file:deps/phoenix',
66 verbose parsed url   path: 'phoenix@file:deps/phoenix',
66 verbose parsed url   href: 'phoenix@file:deps/phoenix' }
67 verbose cache add name="phoenix" spec="file:deps/phoenix" args=["phoenix","file:deps/phoenix"]
68 verbose parsed url { protocol: 'file:',
68 verbose parsed url   slashes: null,
68 verbose parsed url   auth: null,
68 verbose parsed url   host: null,
68 verbose parsed url   port: null,
68 verbose parsed url   hostname: null,
68 verbose parsed url   hash: null,
68 verbose parsed url   search: null,
68 verbose parsed url   query: null,
68 verbose parsed url   pathname: 'deps/phoenix',
68 verbose parsed url   path: 'deps/phoenix',
68 verbose parsed url   href: 'file:deps/phoenix' }
69 verbose addNamed [ 'phoenix', 'file:deps/phoenix' ]
70 verbose addNamed [ null, null ]
71 silly lockFile 25706d37-phoenix-file-deps-phoenix phoenix@file:deps/phoenix
72 verbose lock phoenix@file:deps/phoenix /home/mgagne/.npm/25706d37-phoenix-file-deps-phoenix.lock
73 verbose cache add [ 'phoenix_html@file:deps/phoenix_html', null ]
74 verbose cache add name=undefined spec="phoenix_html@file:deps/phoenix_html" args=["phoenix_html@file:deps/phoenix_html",null]
75 verbose parsed url { protocol: null,
75 verbose parsed url   slashes: null,
75 verbose parsed url   auth: null,
75 verbose parsed url   host: null,
75 verbose parsed url   port: null,
75 verbose parsed url   hostname: null,
75 verbose parsed url   hash: null,
75 verbose parsed url   search: null,
75 verbose parsed url   query: null,
75 verbose parsed url   pathname: 'phoenix_html@file:deps/phoenix_html',
75 verbose parsed url   path: 'phoenix_html@file:deps/phoenix_html',
75 verbose parsed url   href: 'phoenix_html@file:deps/phoenix_html' }
76 verbose cache add name="phoenix_html" spec="file:deps/phoenix_html" args=["phoenix_html","file:deps/phoenix_html"]
77 verbose parsed url { protocol: 'file:',
77 verbose parsed url   slashes: null,
77 verbose parsed url   auth: null,
77 verbose parsed url   host: null,
77 verbose parsed url   port: null,
77 verbose parsed url   hostname: null,
77 verbose parsed url   hash: null,
77 verbose parsed url   search: null,
77 verbose parsed url   query: null,
77 verbose parsed url   pathname: 'deps/phoenix_html',
77 verbose parsed url   path: 'deps/phoenix_html',
77 verbose parsed url   href: 'file:deps/phoenix_html' }
78 verbose addNamed [ 'phoenix_html', 'file:deps/phoenix_html' ]
79 verbose addNamed [ null, null ]
80 silly lockFile 3d88e48d-enix-html-file-deps-phoenix-html phoenix_html@file:deps/phoenix_html
81 verbose lock phoenix_html@file:deps/phoenix_html /home/mgagne/.npm/3d88e48d-enix-html-file-deps-phoenix-html.lock
82 silly addNameRange { name: 'javascript-brunch',
82 silly addNameRange   range: '>=2.0.0-0 <2.1.0-0',
82 silly addNameRange   hasData: false }
83 silly addNameRange { name: 'css-brunch',
83 silly addNameRange   range: '>=2.0.0-0 <2.1.0-0',
83 silly addNameRange   hasData: false }
84 silly addNameRange { name: 'uglify-js-brunch',
84 silly addNameRange   range: '>=2.0.1-0 <2.1.0-0',
84 silly addNameRange   hasData: false }
85 info addNameTag [ 'phoenix', 'file:deps/phoenix' ]
86 verbose url raw babel-brunch
87 verbose url resolving [ 'https://registry.npmjs.org/', './babel-brunch' ]
88 verbose url resolved https://registry.npmjs.org/babel-brunch
89 info trying registry request attempt 1 at 14:27:54
90 verbose etag "3KJ2FP8KIHGG2Z3EHRJ68ETJD"
91 http GET https://registry.npmjs.org/babel-brunch
92 verbose url raw brunch/2.7.4
93 verbose url resolving [ 'https://registry.npmjs.org/', './brunch/2.7.4' ]
94 verbose url resolved https://registry.npmjs.org/brunch/2.7.4
95 info trying registry request attempt 1 at 14:27:54
96 verbose etag "89M028XENNH5W7E8ZBGG4ROYA"
97 http GET https://registry.npmjs.org/brunch/2.7.4
98 verbose url raw clean-css-brunch
99 verbose url resolving [ 'https://registry.npmjs.org/', './clean-css-brunch' ]
100 verbose url resolved https://registry.npmjs.org/clean-css-brunch
101 info trying registry request attempt 1 at 14:27:54
102 verbose etag "5MPZPCMAI74IWZRADCMJFIHZW"
103 http GET https://registry.npmjs.org/clean-css-brunch
104 info addNameTag [ 'phoenix_html', 'file:deps/phoenix_html' ]
105 verbose url raw javascript-brunch
106 verbose url resolving [ 'https://registry.npmjs.org/', './javascript-brunch' ]
107 verbose url resolved https://registry.npmjs.org/javascript-brunch
108 info trying registry request attempt 1 at 14:27:54
109 verbose etag "29I869TOMAOKBX6F9X34ADN83"
110 http GET https://registry.npmjs.org/javascript-brunch
111 verbose url raw css-brunch
112 verbose url resolving [ 'https://registry.npmjs.org/', './css-brunch' ]
113 verbose url resolved https://registry.npmjs.org/css-brunch
114 info trying registry request attempt 1 at 14:27:54
115 verbose etag "4YX2L1NJVSI2XGV2B6L7CKNYH"
116 http GET https://registry.npmjs.org/css-brunch
117 verbose url raw uglify-js-brunch
118 verbose url resolving [ 'https://registry.npmjs.org/', './uglify-js-brunch' ]
119 verbose url resolved https://registry.npmjs.org/uglify-js-brunch
120 info trying registry request attempt 1 at 14:27:54
121 verbose etag "13FU9J8Y5W216UTLU2ZRS4T4M"
122 http GET https://registry.npmjs.org/uglify-js-brunch
123 verbose url raw phoenix
124 verbose url resolving [ 'https://registry.npmjs.org/', './phoenix' ]
125 verbose url resolved https://registry.npmjs.org/phoenix
126 info trying registry request attempt 1 at 14:27:54
127 verbose etag "6JFULW4K3HHUFY0JZFJTL7JK2"
128 http GET https://registry.npmjs.org/phoenix
129 verbose url raw phoenix_html
130 verbose url resolving [ 'https://registry.npmjs.org/', './phoenix_html' ]
131 verbose url resolved https://registry.npmjs.org/phoenix_html
132 info trying registry request attempt 1 at 14:27:54
133 http GET https://registry.npmjs.org/phoenix_html
134 http 304 https://registry.npmjs.org/css-brunch
135 silly registry.get cb [ 304,
135 silly registry.get   { date: 'Mon, 29 Aug 2016 18:27:54 GMT',
135 silly registry.get     via: '1.1 varnish',
135 silly registry.get     'cache-control': 'max-age=300',
135 silly registry.get     etag: '"4YX2L1NJVSI2XGV2B6L7CKNYH"',
135 silly registry.get     age: '0',
135 silly registry.get     connection: 'keep-alive',
135 silly registry.get     'x-served-by': 'cache-ord1737-ORD',
135 silly registry.get     'x-cache': 'HIT',
135 silly registry.get     'x-cache-hits': '1',
135 silly registry.get     'x-timer': 'S1472495274.218951,VS0,VE29',
135 silly registry.get     vary: 'Accept-Encoding' } ]
136 verbose etag css-brunch from cache
137 http 304 https://registry.npmjs.org/brunch/2.7.4
138 silly registry.get cb [ 304,
138 silly registry.get   { date: 'Mon, 29 Aug 2016 18:27:54 GMT',
138 silly registry.get     via: '1.1 varnish',
138 silly registry.get     'cache-control': 'max-age=300',
138 silly registry.get     etag: '"89M028XENNH5W7E8ZBGG4ROYA"',
138 silly registry.get     age: '0',
138 silly registry.get     connection: 'keep-alive',
138 silly registry.get     'x-served-by': 'cache-ord1743-ORD',
138 silly registry.get     'x-cache': 'HIT',
138 silly registry.get     'x-cache-hits': '1',
138 silly registry.get     'x-timer': 'S1472495274.221933,VS0,VE33',
138 silly registry.get     vary: 'Accept-Encoding' } ]
139 verbose etag brunch/2.7.4 from cache
140 silly addNameRange number 2 { name: 'css-brunch',
140 silly addNameRange   range: '>=2.0.0-0 <2.1.0-0',
140 silly addNameRange   hasData: true }
141 silly addNameRange versions [ 'css-brunch',
141 silly addNameRange   [ '1.0.0',
141 silly addNameRange     '1.1.0',
141 silly addNameRange     '1.1.1',
141 silly addNameRange     '1.3.0',
141 silly addNameRange     '1.5.0',
141 silly addNameRange     '1.5.1',
141 silly addNameRange     '1.6.0',
141 silly addNameRange     '1.7.0',
141 silly addNameRange     '2.0.0',
141 silly addNameRange     '2.6.0',
141 silly addNameRange     '2.6.1' ] ]
142 verbose addNamed [ 'css-brunch', '2.0.0' ]
143 verbose addNamed [ '2.0.0', '2.0.0' ]
144 silly lockFile 708400cd-css-brunch-2-0-0 css-brunch@2.0.0
145 verbose lock css-brunch@2.0.0 /home/mgagne/.npm/708400cd-css-brunch-2-0-0.lock
146 silly lockFile 708400cd-css-brunch-2-0-0 css-brunch@2.0.0
147 silly lockFile 708400cd-css-brunch-2-0-0 css-brunch@2.0.0
148 silly lockFile 34741395-brunch-2-7-4 brunch@2.7.4
149 silly lockFile 34741395-brunch-2-7-4 brunch@2.7.4
150 silly lockFile 1da32090-css-brunch-2-0-0 css-brunch@~2.0.0
151 silly lockFile 1da32090-css-brunch-2-0-0 css-brunch@~2.0.0
152 http 304 https://registry.npmjs.org/babel-brunch
153 silly registry.get cb [ 304,
153 silly registry.get   { date: 'Mon, 29 Aug 2016 18:27:54 GMT',
153 silly registry.get     via: '1.1 varnish',
153 silly registry.get     'cache-control': 'max-age=300',
153 silly registry.get     etag: '"3KJ2FP8KIHGG2Z3EHRJ68ETJD"',
153 silly registry.get     age: '0',
153 silly registry.get     connection: 'keep-alive',
153 silly registry.get     'x-served-by': 'cache-ord1744-ORD',
153 silly registry.get     'x-cache': 'HIT',
153 silly registry.get     'x-cache-hits': '1',
153 silly registry.get     'x-timer': 'S1472495274.219500,VS0,VE84',
153 silly registry.get     vary: 'Accept-Encoding' } ]
154 verbose etag babel-brunch from cache
155 http 304 https://registry.npmjs.org/uglify-js-brunch
156 silly registry.get cb [ 304,
156 silly registry.get   { date: 'Mon, 29 Aug 2016 18:27:54 GMT',
156 silly registry.get     via: '1.1 varnish',
156 silly registry.get     'cache-control': 'max-age=300',
156 silly registry.get     etag: '"13FU9J8Y5W216UTLU2ZRS4T4M"',
156 silly registry.get     age: '0',
156 silly registry.get     connection: 'keep-alive',
156 silly registry.get     'x-served-by': 'cache-ord1737-ORD',
156 silly registry.get     'x-cache': 'MISS',
156 silly registry.get     'x-cache-hits': '0',
156 silly registry.get     'x-timer': 'S1472495274.276314,VS0,VE32',
156 silly registry.get     vary: 'Accept-Encoding' } ]
157 verbose etag uglify-js-brunch from cache
158 http 304 https://registry.npmjs.org/clean-css-brunch
159 silly registry.get cb [ 304,
159 silly registry.get   { date: 'Mon, 29 Aug 2016 18:27:54 GMT',
159 silly registry.get     via: '1.1 varnish',
159 silly registry.get     'cache-control': 'max-age=300',
159 silly registry.get     etag: '"5MPZPCMAI74IWZRADCMJFIHZW"',
159 silly registry.get     age: '0',
159 silly registry.get     connection: 'keep-alive',
159 silly registry.get     'x-served-by': 'cache-ord1744-ORD',
159 silly registry.get     'x-cache': 'HIT',
159 silly registry.get     'x-cache-hits': '1',
159 silly registry.get     'x-timer': 'S1472495274.222906,VS0,VE87',
159 silly registry.get     vary: 'Accept-Encoding' } ]
160 verbose etag clean-css-brunch from cache
161 http 304 https://registry.npmjs.org/phoenix
162 silly registry.get cb [ 304,
162 silly registry.get   { date: 'Mon, 29 Aug 2016 18:27:54 GMT',
162 silly registry.get     via: '1.1 varnish',
162 silly registry.get     'cache-control': 'max-age=300',
162 silly registry.get     etag: '"6JFULW4K3HHUFY0JZFJTL7JK2"',
162 silly registry.get     age: '0',
162 silly registry.get     connection: 'keep-alive',
162 silly registry.get     'x-served-by': 'cache-ord1743-ORD',
162 silly registry.get     'x-cache': 'HIT',
162 silly registry.get     'x-cache-hits': '1',
162 silly registry.get     'x-timer': 'S1472495274.281034,VS0,VE31',
162 silly registry.get     vary: 'Accept-Encoding' } ]
163 verbose etag phoenix from cache
164 silly addNameRange number 2 { name: 'babel-brunch',
164 silly addNameRange   range: '>=6.0.0-0 <6.1.0-0',
164 silly addNameRange   hasData: true }
165 silly addNameRange versions [ 'babel-brunch',
165 silly addNameRange   [ '4.0.0',
165 silly addNameRange     '5.0.0',
165 silly addNameRange     '5.0.1',
165 silly addNameRange     '5.1.0',
165 silly addNameRange     '5.1.1',
165 silly addNameRange     '5.1.2',
165 silly addNameRange     '6.0.0',
165 silly addNameRange     '6.0.1',
165 silly addNameRange     '6.0.2',
165 silly addNameRange     '6.0.3',
165 silly addNameRange     '6.0.4',
165 silly addNameRange     '6.0.5',
165 silly addNameRange     '6.0.6' ] ]
166 verbose addNamed [ 'babel-brunch', '6.0.6' ]
167 verbose addNamed [ '6.0.6', '6.0.6' ]
168 silly lockFile cd22ecc2-babel-brunch-6-0-6 babel-brunch@6.0.6
169 verbose lock babel-brunch@6.0.6 /home/mgagne/.npm/cd22ecc2-babel-brunch-6-0-6.lock
170 silly addNameRange number 2 { name: 'uglify-js-brunch',
170 silly addNameRange   range: '>=2.0.1-0 <2.1.0-0',
170 silly addNameRange   hasData: true }
171 silly addNameRange versions [ 'uglify-js-brunch',
171 silly addNameRange   [ '1.0.0',
171 silly addNameRange     '1.1.0',
171 silly addNameRange     '1.1.1',
171 silly addNameRange     '1.3.0',
171 silly addNameRange     '1.3.1',
171 silly addNameRange     '1.5.0',
171 silly addNameRange     '1.5.1',
171 silly addNameRange     '1.7.0',
171 silly addNameRange     '1.7.1',
171 silly addNameRange     '1.7.2',
171 silly addNameRange     '1.7.3',
171 silly addNameRange     '1.7.4',
171 silly addNameRange     '1.7.5',
171 silly addNameRange     '1.7.6',
171 silly addNameRange     '1.7.7',
171 silly addNameRange     '1.7.8',
171 silly addNameRange     '2.0.0',
171 silly addNameRange     '2.0.1' ] ]
172 verbose addNamed [ 'uglify-js-brunch', '2.0.1' ]
173 verbose addNamed [ '2.0.1', '2.0.1' ]
174 silly lockFile 670853b1-uglify-js-brunch-2-0-1 uglify-js-brunch@2.0.1
175 verbose lock uglify-js-brunch@2.0.1 /home/mgagne/.npm/670853b1-uglify-js-brunch-2-0-1.lock
176 silly addNameRange number 2 { name: 'clean-css-brunch',
176 silly addNameRange   range: '>=2.0.0-0 <2.1.0-0',
176 silly addNameRange   hasData: true }
177 silly addNameRange versions [ 'clean-css-brunch',
177 silly addNameRange   [ '1.0.0',
177 silly addNameRange     '1.1.0',
177 silly addNameRange     '1.1.1',
177 silly addNameRange     '1.3.0',
177 silly addNameRange     '1.4.0',
177 silly addNameRange     '1.5.0',
177 silly addNameRange     '1.5.1',
177 silly addNameRange     '1.6.0',
177 silly addNameRange     '1.7.0',
177 silly addNameRange     '1.7.1',
177 silly addNameRange     '1.7.2',
177 silly addNameRange     '1.8.0',
177 silly addNameRange     '2.0.0' ] ]
178 verbose addNamed [ 'clean-css-brunch', '2.0.0' ]
179 verbose addNamed [ '2.0.0', '2.0.0' ]
180 silly lockFile 9c5c8935-clean-css-brunch-2-0-0 clean-css-brunch@2.0.0
181 verbose lock clean-css-brunch@2.0.0 /home/mgagne/.npm/9c5c8935-clean-css-brunch-2-0-0.lock
182 info maybeGithub Attempting file:deps/phoenix from git://github.com/file:deps/phoenix
183 silly lockFile 6d5f9840-git-github-com-file-deps-phoenix git://github.com/file:deps/phoenix
184 verbose lock git://github.com/file:deps/phoenix /home/mgagne/.npm/6d5f9840-git-github-com-file-deps-phoenix.lock
185 verbose addRemoteGit [ 'git://github.com/file:deps/phoenix', 'master' ]
186 silly lockFile cd22ecc2-babel-brunch-6-0-6 babel-brunch@6.0.6
187 silly lockFile cd22ecc2-babel-brunch-6-0-6 babel-brunch@6.0.6
188 silly lockFile 6b74a846-babel-brunch-6-0-0 babel-brunch@~6.0.0
189 silly lockFile 6b74a846-babel-brunch-6-0-0 babel-brunch@~6.0.0
190 silly lockFile 670853b1-uglify-js-brunch-2-0-1 uglify-js-brunch@2.0.1
191 silly lockFile 670853b1-uglify-js-brunch-2-0-1 uglify-js-brunch@2.0.1
192 silly lockFile d368487a-uglify-js-brunch-2-0-1 uglify-js-brunch@~2.0.1
193 silly lockFile d368487a-uglify-js-brunch-2-0-1 uglify-js-brunch@~2.0.1
194 silly lockFile 9c5c8935-clean-css-brunch-2-0-0 clean-css-brunch@2.0.0
195 silly lockFile 9c5c8935-clean-css-brunch-2-0-0 clean-css-brunch@2.0.0
196 silly lockFile 2cc3d744-clean-css-brunch-2-0-0 clean-css-brunch@~2.0.0
197 silly lockFile 2cc3d744-clean-css-brunch-2-0-0 clean-css-brunch@~2.0.0
198 http 404 https://registry.npmjs.org/phoenix_html
199 silly registry.get cb [ 404,
199 silly registry.get   { 'content-type': 'application/json',
199 silly registry.get     'cache-control': 'max-age=0',
199 silly registry.get     'content-length': '2',
199 silly registry.get     'accept-ranges': 'bytes',
199 silly registry.get     date: 'Mon, 29 Aug 2016 18:27:54 GMT',
199 silly registry.get     via: '1.1 varnish',
199 silly registry.get     age: '0',
199 silly registry.get     connection: 'keep-alive',
199 silly registry.get     'x-served-by': 'cache-ord1744-ORD',
199 silly registry.get     'x-cache': 'MISS',
199 silly registry.get     'x-cache-hits': '0',
199 silly registry.get     'x-timer': 'S1472495274.328369,VS0,VE32',
199 silly registry.get     vary: 'Accept-Encoding' } ]
200 error TypeError: Object.keys called on non-object
200 error     at Function.keys (native)
200 error     at installTargetsError (/usr/share/npm/lib/cache.js:708:24)
200 error     at /usr/share/npm/lib/cache.js:638:10
200 error     at saved (/usr/share/npm/node_modules/npm-registry-client/lib/get.js:142:7)
200 error     at /usr/lib/nodejs/graceful-fs/polyfills.js:133:7
200 error     at Object.oncomplete (fs.js:107:15)
201 error If you need help, you may report this log at:
201 error     <http://github.com/isaacs/npm/issues>
201 error or email it to:
201 error     <npm-@googlegroups.com>
202 error System Linux 3.13.0-65-generic
203 error command "/usr/bin/nodejs" "/usr/bin/npm" "install"
204 error cwd /home/mgagne/workspace/blog_phoenix
205 error node -v v0.10.25
206 error npm -v 1.3.10
207 error type called_on_non_object
208 verbose exit [ 1, true ]
